{"E:\\workspace\\decentraland\\workspace\\WorldScenes\\NewMainScene\\src\\components.ts": {"path":"E:\\workspace\\decentraland\\workspace\\WorldScenes\\NewMainScene\\src\\components.ts","statementMap":{"0":{"start":{"line":2,"column":0},"end":{"line":2,"column":62}},"1":{"start":{"line":3,"column":0},"end":{"line":3,"column":40}},"2":{"start":{"line":4,"column":14},"end":{"line":4,"column":37}},"3":{"start":{"line":7,"column":0},"end":{"line":7,"column":91}},"4":{"start":{"line":10,"column":0},"end":{"line":10,"column":59}}},"fnMap":{},"branchMap":{},"s":{"0":1,"1":1,"2":1,"3":1,"4":1},"f":{},"b":{},"_coverageSchema":"1a1c01bbd47fc00a2c39e90264f33305004495a9","hash":"ffabb953828e1cbd0bb4234a1e6186d8b5f038cc"}
,"E:\\workspace\\decentraland\\workspace\\WorldScenes\\NewMainScene\\src\\curator_chat_ui.tsx": {"path":"E:\\workspace\\decentraland\\workspace\\WorldScenes\\NewMainScene\\src\\curator_chat_ui.tsx","statementMap":{"0":{"start":{"line":2,"column":22},"end":{"line":12,"column":3}},"1":{"start":{"line":3,"column":4},"end":{"line":3,"column":33}},"2":{"start":{"line":3,"column":26},"end":{"line":3,"column":33}},"3":{"start":{"line":4,"column":15},"end":{"line":4,"column":52}},"4":{"start":{"line":5,"column":4},"end":{"line":7,"column":5}},"5":{"start":{"line":6,"column":6},"end":{"line":6,"column":68}},"6":{"start":{"line":6,"column":51},"end":{"line":6,"column":63}},"7":{"start":{"line":8,"column":4},"end":{"line":8,"column":39}},"8":{"start":{"line":10,"column":4},"end":{"line":10,"column":33}},"9":{"start":{"line":10,"column":26},"end":{"line":10,"column":33}},"10":{"start":{"line":11,"column":4},"end":{"line":11,"column":17}},"11":{"start":{"line":13,"column":25},"end":{"line":17,"column":2}},"12":{"start":{"line":14,"column":4},"end":{"line":14,"column":72}},"13":{"start":{"line":16,"column":4},"end":{"line":16,"column":21}},"14":{"start":{"line":18,"column":19},"end":{"line":34,"column":4}},"15":{"start":{"line":19,"column":18},"end":{"line":26,"column":5}},"16":{"start":{"line":20,"column":8},"end":{"line":24,"column":10}},"17":{"start":{"line":21,"column":21},"end":{"line":21,"column":23}},"18":{"start":{"line":22,"column":12},"end":{"line":22,"column":95}},"19":{"start":{"line":22,"column":29},"end":{"line":22,"column":95}},"20":{"start":{"line":22,"column":77},"end":{"line":22,"column":95}},"21":{"start":{"line":23,"column":12},"end":{"line":23,"column":22}},"22":{"start":{"line":25,"column":8},"end":{"line":25,"column":26}},"23":{"start":{"line":27,"column":4},"end":{"line":33,"column":6}},"24":{"start":{"line":28,"column":8},"end":{"line":28,"column":46}},"25":{"start":{"line":28,"column":35},"end":{"line":28,"column":46}},"26":{"start":{"line":29,"column":21},"end":{"line":29,"column":23}},"27":{"start":{"line":30,"column":8},"end":{"line":30,"column":137}},"28":{"start":{"line":30,"column":25},"end":{"line":30,"column":137}},"29":{"start":{"line":30,"column":38},"end":{"line":30,"column":50}},"30":{"start":{"line":30,"column":56},"end":{"line":30,"column":57}},"31":{"start":{"line":30,"column":78},"end":{"line":30,"column":137}},"32":{"start":{"line":30,"column":102},"end":{"line":30,"column":137}},"33":{"start":{"line":31,"column":8},"end":{"line":31,"column":40}},"34":{"start":{"line":32,"column":8},"end":{"line":32,"column":22}},"35":{"start":{"line":35,"column":0},"end":{"line":35,"column":62}},"36":{"start":{"line":36,"column":0},"end":{"line":36,"column":44}},"37":{"start":{"line":37,"column":0},"end":{"line":37,"column":30}},"38":{"start":{"line":38,"column":0},"end":{"line":38,"column":48}},"39":{"start":{"line":39,"column":0},"end":{"line":39,"column":50}},"40":{"start":{"line":40,"column":15},"end":{"line":40,"column":39}},"41":{"start":{"line":41,"column":20},"end":{"line":41,"column":63}},"42":{"start":{"line":42,"column":24},"end":{"line":42,"column":50}},"43":{"start":{"line":44,"column":27},"end":{"line":44,"column":31}},"44":{"start":{"line":46,"column":20},"end":{"line":46,"column":22}},"45":{"start":{"line":47,"column":14},"end":{"line":47,"column":16}},"46":{"start":{"line":48,"column":18},"end":{"line":48,"column":23}},"47":{"start":{"line":50,"column":25},"end":{"line":50,"column":27}},"48":{"start":{"line":51,"column":23},"end":{"line":51,"column":24}},"49":{"start":{"line":52,"column":17},"end":{"line":52,"column":19}},"50":{"start":{"line":55,"column":4},"end":{"line":55,"column":28}},"51":{"start":{"line":56,"column":4},"end":{"line":56,"column":25}},"52":{"start":{"line":57,"column":4},"end":{"line":60,"column":5}},"53":{"start":{"line":57,"column":17},"end":{"line":57,"column":18}},"54":{"start":{"line":58,"column":21},"end":{"line":58,"column":64}},"55":{"start":{"line":59,"column":8},"end":{"line":59,"column":38}},"56":{"start":{"line":62,"column":4},"end":{"line":64,"column":76}},"57":{"start":{"line":67,"column":4},"end":{"line":67,"column":16}},"58":{"start":{"line":71,"column":4},"end":{"line":71,"column":24}},"59":{"start":{"line":74,"column":13},"end":{"line":74,"column":17}},"60":{"start":{"line":76,"column":4},"end":{"line":76,"column":23}},"61":{"start":{"line":78,"column":20},"end":{"line":171,"column":1}},"62":{"start":{"line":79,"column":22},"end":{"line":79,"column":64}},"63":{"start":{"line":80,"column":4},"end":{"line":82,"column":5}},"64":{"start":{"line":81,"column":8},"end":{"line":81,"column":20}},"65":{"start":{"line":83,"column":4},"end":{"line":170,"column":29}},"66":{"start":{"line":95,"column":221},"end":{"line":95,"column":234}},"67":{"start":{"line":128,"column":262},"end":{"line":128,"column":277}},"68":{"start":{"line":128,"column":296},"end":{"line":128,"column":316}},"69":{"start":{"line":136,"column":199},"end":{"line":136,"column":217}},"70":{"start":{"line":147,"column":199},"end":{"line":147,"column":213}},"71":{"start":{"line":158,"column":180},"end":{"line":158,"column":200}},"72":{"start":{"line":174,"column":4},"end":{"line":174,"column":18}},"73":{"start":{"line":176,"column":4},"end":{"line":176,"column":30}},"74":{"start":{"line":178,"column":4},"end":{"line":180,"column":5}},"75":{"start":{"line":179,"column":8},"end":{"line":179,"column":29}},"76":{"start":{"line":184,"column":4},"end":{"line":184,"column":25}},"77":{"start":{"line":185,"column":4},"end":{"line":185,"column":20}},"78":{"start":{"line":189,"column":23},"end":{"line":189,"column":50}},"79":{"start":{"line":190,"column":4},"end":{"line":190,"column":28}},"80":{"start":{"line":194,"column":4},"end":{"line":199,"column":5}},"81":{"start":{"line":195,"column":8},"end":{"line":195,"column":27}},"82":{"start":{"line":196,"column":8},"end":{"line":198,"column":80}},"83":{"start":{"line":203,"column":4},"end":{"line":208,"column":5}},"84":{"start":{"line":204,"column":8},"end":{"line":204,"column":27}},"85":{"start":{"line":205,"column":8},"end":{"line":207,"column":80}}},"fnMap":{"0":{"name":"(anonymous_0)","decl":{"start":{"line":2,"column":74},"end":{"line":2,"column":75}},"loc":{"start":{"line":2,"column":96},"end":{"line":9,"column":1}},"line":2},"1":{"name":"(anonymous_1)","decl":{"start":{"line":6,"column":38},"end":{"line":6,"column":39}},"loc":{"start":{"line":6,"column":49},"end":{"line":6,"column":65}},"line":6},"2":{"name":"(anonymous_2)","decl":{"start":{"line":9,"column":6},"end":{"line":9,"column":7}},"loc":{"start":{"line":9,"column":28},"end":{"line":12,"column":1}},"line":9},"3":{"name":"(anonymous_3)","decl":{"start":{"line":13,"column":80},"end":{"line":13,"column":81}},"loc":{"start":{"line":13,"column":95},"end":{"line":15,"column":1}},"line":13},"4":{"name":"(anonymous_4)","decl":{"start":{"line":15,"column":5},"end":{"line":15,"column":6}},"loc":{"start":{"line":15,"column":20},"end":{"line":17,"column":1}},"line":15},"5":{"name":"(anonymous_5)","decl":{"start":{"line":18,"column":51},"end":{"line":18,"column":52}},"loc":{"start":{"line":18,"column":63},"end":{"line":34,"column":1}},"line":18},"6":{"name":"(anonymous_6)","decl":{"start":{"line":19,"column":18},"end":{"line":19,"column":19}},"loc":{"start":{"line":19,"column":30},"end":{"line":26,"column":5}},"line":19},"7":{"name":"(anonymous_7)","decl":{"start":{"line":20,"column":48},"end":{"line":20,"column":49}},"loc":{"start":{"line":20,"column":61},"end":{"line":24,"column":9}},"line":20},"8":{"name":"(anonymous_8)","decl":{"start":{"line":27,"column":11},"end":{"line":27,"column":12}},"loc":{"start":{"line":27,"column":26},"end":{"line":33,"column":5}},"line":27},"9":{"name":"SetCuratorAnswer","decl":{"start":{"line":53,"column":9},"end":{"line":53,"column":25}},"loc":{"start":{"line":53,"column":34},"end":{"line":65,"column":1}},"line":53},"10":{"name":"SetSocket","decl":{"start":{"line":66,"column":9},"end":{"line":66,"column":18}},"loc":{"start":{"line":66,"column":23},"end":{"line":68,"column":1}},"line":66},"11":{"name":"SetConnectionState","decl":{"start":{"line":70,"column":9},"end":{"line":70,"column":27}},"loc":{"start":{"line":70,"column":35},"end":{"line":72,"column":1}},"line":70},"12":{"name":"CuratorChatUiEntity","decl":{"start":{"line":75,"column":9},"end":{"line":75,"column":28}},"loc":{"start":{"line":75,"column":31},"end":{"line":77,"column":1}},"line":75},"13":{"name":"(anonymous_13)","decl":{"start":{"line":78,"column":20},"end":{"line":78,"column":21}},"loc":{"start":{"line":78,"column":26},"end":{"line":171,"column":1}},"line":78},"14":{"name":"(anonymous_14)","decl":{"start":{"line":95,"column":215},"end":{"line":95,"column":216}},"loc":{"start":{"line":95,"column":221},"end":{"line":95,"column":234}},"line":95},"15":{"name":"(anonymous_15)","decl":{"start":{"line":128,"column":250},"end":{"line":128,"column":251}},"loc":{"start":{"line":128,"column":262},"end":{"line":128,"column":277}},"line":128},"16":{"name":"(anonymous_16)","decl":{"start":{"line":128,"column":290},"end":{"line":128,"column":291}},"loc":{"start":{"line":128,"column":296},"end":{"line":128,"column":316}},"line":128},"17":{"name":"(anonymous_17)","decl":{"start":{"line":136,"column":193},"end":{"line":136,"column":194}},"loc":{"start":{"line":136,"column":199},"end":{"line":136,"column":217}},"line":136},"18":{"name":"(anonymous_18)","decl":{"start":{"line":147,"column":193},"end":{"line":147,"column":194}},"loc":{"start":{"line":147,"column":199},"end":{"line":147,"column":213}},"line":147},"19":{"name":"(anonymous_19)","decl":{"start":{"line":158,"column":174},"end":{"line":158,"column":175}},"loc":{"start":{"line":158,"column":180},"end":{"line":158,"column":200}},"line":158},"20":{"name":"sendMessage","decl":{"start":{"line":172,"column":9},"end":{"line":172,"column":20}},"loc":{"start":{"line":172,"column":30},"end":{"line":181,"column":1}},"line":172},"21":{"name":"clearOutput","decl":{"start":{"line":183,"column":9},"end":{"line":183,"column":20}},"loc":{"start":{"line":183,"column":23},"end":{"line":186,"column":1}},"line":183},"22":{"name":"copyAnswerToClipboard","decl":{"start":{"line":188,"column":9},"end":{"line":188,"column":30}},"loc":{"start":{"line":188,"column":33},"end":{"line":191,"column":1}},"line":188},"23":{"name":"showPreviousPage","decl":{"start":{"line":193,"column":9},"end":{"line":193,"column":25}},"loc":{"start":{"line":193,"column":28},"end":{"line":200,"column":1}},"line":193},"24":{"name":"showNextPage","decl":{"start":{"line":202,"column":9},"end":{"line":202,"column":21}},"loc":{"start":{"line":202,"column":24},"end":{"line":209,"column":1}},"line":202}},"branchMap":{"0":{"loc":{"start":{"line":2,"column":22},"end":{"line":12,"column":3}},"type":"binary-expr","locations":[{"start":{"line":2,"column":23},"end":{"line":2,"column":27}},{"start":{"line":2,"column":31},"end":{"line":2,"column":51}},{"start":{"line":2,"column":57},"end":{"line":12,"column":2}}],"line":2},"1":{"loc":{"start":{"line":2,"column":57},"end":{"line":12,"column":2}},"type":"cond-expr","locations":[{"start":{"line":2,"column":74},"end":{"line":9,"column":1}},{"start":{"line":9,"column":6},"end":{"line":12,"column":1}}],"line":2},"2":{"loc":{"start":{"line":3,"column":4},"end":{"line":3,"column":33}},"type":"if","locations":[{"start":{"line":3,"column":4},"end":{"line":3,"column":33}},{"start":{},"end":{}}],"line":3},"3":{"loc":{"start":{"line":5,"column":4},"end":{"line":7,"column":5}},"type":"if","locations":[{"start":{"line":5,"column":4},"end":{"line":7,"column":5}},{"start":{},"end":{}}],"line":5},"4":{"loc":{"start":{"line":5,"column":8},"end":{"line":5,"column":85}},"type":"binary-expr","locations":[{"start":{"line":5,"column":8},"end":{"line":5,"column":13}},{"start":{"line":5,"column":18},"end":{"line":5,"column":84}}],"line":5},"5":{"loc":{"start":{"line":5,"column":18},"end":{"line":5,"column":84}},"type":"cond-expr","locations":[{"start":{"line":5,"column":34},"end":{"line":5,"column":47}},{"start":{"line":5,"column":50},"end":{"line":5,"column":84}}],"line":5},"6":{"loc":{"start":{"line":5,"column":50},"end":{"line":5,"column":84}},"type":"binary-expr","locations":[{"start":{"line":5,"column":50},"end":{"line":5,"column":63}},{"start":{"line":5,"column":67},"end":{"line":5,"column":84}}],"line":5},"7":{"loc":{"start":{"line":10,"column":4},"end":{"line":10,"column":33}},"type":"if","locations":[{"start":{"line":10,"column":4},"end":{"line":10,"column":33}},{"start":{},"end":{}}],"line":10},"8":{"loc":{"start":{"line":13,"column":25},"end":{"line":17,"column":2}},"type":"binary-expr","locations":[{"start":{"line":13,"column":26},"end":{"line":13,"column":30}},{"start":{"line":13,"column":34},"end":{"line":13,"column":57}},{"start":{"line":13,"column":63},"end":{"line":17,"column":1}}],"line":13},"9":{"loc":{"start":{"line":13,"column":63},"end":{"line":17,"column":1}},"type":"cond-expr","locations":[{"start":{"line":13,"column":80},"end":{"line":15,"column":1}},{"start":{"line":15,"column":5},"end":{"line":17,"column":1}}],"line":13},"10":{"loc":{"start":{"line":18,"column":19},"end":{"line":34,"column":4}},"type":"binary-expr","locations":[{"start":{"line":18,"column":20},"end":{"line":18,"column":24}},{"start":{"line":18,"column":28},"end":{"line":18,"column":45}},{"start":{"line":18,"column":50},"end":{"line":34,"column":4}}],"line":18},"11":{"loc":{"start":{"line":20,"column":18},"end":{"line":24,"column":9}},"type":"binary-expr","locations":[{"start":{"line":20,"column":18},"end":{"line":20,"column":44}},{"start":{"line":20,"column":48},"end":{"line":24,"column":9}}],"line":20},"12":{"loc":{"start":{"line":22,"column":29},"end":{"line":22,"column":95}},"type":"if","locations":[{"start":{"line":22,"column":29},"end":{"line":22,"column":95}},{"start":{},"end":{}}],"line":22},"13":{"loc":{"start":{"line":28,"column":8},"end":{"line":28,"column":46}},"type":"if","locations":[{"start":{"line":28,"column":8},"end":{"line":28,"column":46}},{"start":{},"end":{}}],"line":28},"14":{"loc":{"start":{"line":28,"column":12},"end":{"line":28,"column":33}},"type":"binary-expr","locations":[{"start":{"line":28,"column":12},"end":{"line":28,"column":15}},{"start":{"line":28,"column":19},"end":{"line":28,"column":33}}],"line":28},"15":{"loc":{"start":{"line":30,"column":8},"end":{"line":30,"column":137}},"type":"if","locations":[{"start":{"line":30,"column":8},"end":{"line":30,"column":137}},{"start":{},"end":{}}],"line":30},"16":{"loc":{"start":{"line":30,"column":78},"end":{"line":30,"column":137}},"type":"if","locations":[{"start":{"line":30,"column":78},"end":{"line":30,"column":137}},{"start":{},"end":{}}],"line":30},"17":{"loc":{"start":{"line":62,"column":21},"end":{"line":62,"column":79}},"type":"cond-expr","locations":[{"start":{"line":62,"column":53},"end":{"line":62,"column":74}},{"start":{"line":62,"column":77},"end":{"line":62,"column":79}}],"line":62},"18":{"loc":{"start":{"line":63,"column":9},"end":{"line":63,"column":46}},"type":"cond-expr","locations":[{"start":{"line":63,"column":32},"end":{"line":63,"column":41}},{"start":{"line":63,"column":44},"end":{"line":63,"column":46}}],"line":63},"19":{"loc":{"start":{"line":64,"column":9},"end":{"line":64,"column":74}},"type":"cond-expr","locations":[{"start":{"line":64,"column":60},"end":{"line":64,"column":69}},{"start":{"line":64,"column":72},"end":{"line":64,"column":74}}],"line":64},"20":{"loc":{"start":{"line":80,"column":4},"end":{"line":82,"column":5}},"type":"if","locations":[{"start":{"line":80,"column":4},"end":{"line":82,"column":5}},{"start":{},"end":{}}],"line":80},"21":{"loc":{"start":{"line":159,"column":31},"end":{"line":161,"column":70}},"type":"cond-expr","locations":[{"start":{"line":160,"column":30},"end":{"line":160,"column":70}},{"start":{"line":161,"column":30},"end":{"line":161,"column":70}}],"line":159},"22":{"loc":{"start":{"line":178,"column":4},"end":{"line":180,"column":5}},"type":"if","locations":[{"start":{"line":178,"column":4},"end":{"line":180,"column":5}},{"start":{},"end":{}}],"line":178},"23":{"loc":{"start":{"line":178,"column":8},"end":{"line":178,"column":54}},"type":"binary-expr","locations":[{"start":{"line":178,"column":8},"end":{"line":178,"column":14}},{"start":{"line":178,"column":18},"end":{"line":178,"column":54}}],"line":178},"24":{"loc":{"start":{"line":194,"column":4},"end":{"line":199,"column":5}},"type":"if","locations":[{"start":{"line":194,"column":4},"end":{"line":199,"column":5}},{"start":{},"end":{}}],"line":194},"25":{"loc":{"start":{"line":197,"column":13},"end":{"line":197,"column":50}},"type":"cond-expr","locations":[{"start":{"line":197,"column":36},"end":{"line":197,"column":45}},{"start":{"line":197,"column":48},"end":{"line":197,"column":50}}],"line":197},"26":{"loc":{"start":{"line":198,"column":13},"end":{"line":198,"column":78}},"type":"cond-expr","locations":[{"start":{"line":198,"column":64},"end":{"line":198,"column":73}},{"start":{"line":198,"column":76},"end":{"line":198,"column":78}}],"line":198},"27":{"loc":{"start":{"line":203,"column":4},"end":{"line":208,"column":5}},"type":"if","locations":[{"start":{"line":203,"column":4},"end":{"line":208,"column":5}},{"start":{},"end":{}}],"line":203},"28":{"loc":{"start":{"line":206,"column":13},"end":{"line":206,"column":50}},"type":"cond-expr","locations":[{"start":{"line":206,"column":36},"end":{"line":206,"column":45}},{"start":{"line":206,"column":48},"end":{"line":206,"column":50}}],"line":206},"29":{"loc":{"start":{"line":207,"column":13},"end":{"line":207,"column":78}},"type":"cond-expr","locations":[{"start":{"line":207,"column":64},"end":{"line":207,"column":73}},{"start":{"line":207,"column":76},"end":{"line":207,"column":78}}],"line":207}},"s":{"0":0,"1":0,"2":0,"3":0,"4":0,"5":0,"6":0,"7":0,"8":0,"9":0,"10":0,"11":0,"12":0,"13":0,"14":0,"15":0,"16":0,"17":0,"18":0,"19":0,"20":0,"21":0,"22":0,"23":0,"24":0,"25":0,"26":0,"27":0,"28":0,"29":0,"30":0,"31":0,"32":0,"33":0,"34":0,"35":0,"36":0,"37":0,"38":0,"39":0,"40":0,"41":0,"42":0,"43":0,"44":0,"45":0,"46":0,"47":0,"48":0,"49":0,"50":0,"51":0,"52":0,"53":0,"54":0,"55":0,"56":0,"57":0,"58":0,"59":0,"60":0,"61":0,"62":0,"63":0,"64":0,"65":0,"66":0,"67":0,"68":0,"69":0,"70":0,"71":0,"72":0,"73":0,"74":0,"75":0,"76":0,"77":0,"78":0,"79":0,"80":0,"81":0,"82":0,"83":0,"84":0,"85":0},"f":{"0":0,"1":0,"2":0,"3":0,"4":0,"5":0,"6":0,"7":0,"8":0,"9":0,"10":0,"11":0,"12":0,"13":0,"14":0,"15":0,"16":0,"17":0,"18":0,"19":0,"20":0,"21":0,"22":0,"23":0,"24":0},"b":{"0":[0,0,0],"1":[0,0],"2":[0,0],"3":[0,0],"4":[0,0],"5":[0,0],"6":[0,0],"7":[0,0],"8":[0,0,0],"9":[0,0],"10":[0,0,0],"11":[0,0],"12":[0,0],"13":[0,0],"14":[0,0],"15":[0,0],"16":[0,0],"17":[0,0],"18":[0,0],"19":[0,0],"20":[0,0],"21":[0,0],"22":[0,0],"23":[0,0],"24":[0,0],"25":[0,0],"26":[0,0],"27":[0,0],"28":[0,0],"29":[0,0]}}
,"E:\\workspace\\decentraland\\workspace\\WorldScenes\\NewMainScene\\src\\factory.ts": {"path":"E:\\workspace\\decentraland\\workspace\\WorldScenes\\NewMainScene\\src\\factory.ts","statementMap":{"0":{"start":{"line":2,"column":0},"end":{"line":2,"column":62}},"1":{"start":{"line":3,"column":0},"end":{"line":3,"column":32}},"2":{"start":{"line":4,"column":14},"end":{"line":4,"column":37}},"3":{"start":{"line":5,"column":21},"end":{"line":5,"column":44}},"4":{"start":{"line":6,"column":15},"end":{"line":6,"column":39}},"5":{"start":{"line":7,"column":16},"end":{"line":7,"column":34}},"6":{"start":{"line":10,"column":19},"end":{"line":10,"column":43}},"7":{"start":{"line":12,"column":4},"end":{"line":12,"column":37}},"8":{"start":{"line":13,"column":4},"end":{"line":13,"column":62}},"9":{"start":{"line":15,"column":4},"end":{"line":15,"column":38}},"10":{"start":{"line":16,"column":4},"end":{"line":16,"column":38}},"11":{"start":{"line":17,"column":4},"end":{"line":17,"column":122}},"12":{"start":{"line":19,"column":4},"end":{"line":19,"column":72}},"13":{"start":{"line":22,"column":4},"end":{"line":26,"column":7}},"14":{"start":{"line":27,"column":4},"end":{"line":27,"column":18}}},"fnMap":{"0":{"name":"createCube","decl":{"start":{"line":9,"column":9},"end":{"line":9,"column":19}},"loc":{"start":{"line":9,"column":45},"end":{"line":28,"column":1}},"line":9}},"branchMap":{"0":{"loc":{"start":{"line":9,"column":29},"end":{"line":9,"column":43}},"type":"default-arg","locations":[{"start":{"line":9,"column":39},"end":{"line":9,"column":43}}],"line":9}},"s":{"0":1,"1":1,"2":1,"3":1,"4":1,"5":1,"6":1,"7":1,"8":1,"9":1,"10":1,"11":1,"12":1,"13":1,"14":1},"f":{"0":1},"b":{"0":[1]},"_coverageSchema":"1a1c01bbd47fc00a2c39e90264f33305004495a9","hash":"8f9f7677d3955a4ccfe6060baf353559d08740ae"}
,"E:\\workspace\\decentraland\\workspace\\WorldScenes\\NewMainScene\\src\\guest_book_ui.tsx": {"path":"E:\\workspace\\decentraland\\workspace\\WorldScenes\\NewMainScene\\src\\guest_book_ui.tsx","statementMap":{"0":{"start":{"line":2,"column":22},"end":{"line":12,"column":3}},"1":{"start":{"line":3,"column":4},"end":{"line":3,"column":33}},"2":{"start":{"line":3,"column":26},"end":{"line":3,"column":33}},"3":{"start":{"line":4,"column":15},"end":{"line":4,"column":52}},"4":{"start":{"line":5,"column":4},"end":{"line":7,"column":5}},"5":{"start":{"line":6,"column":6},"end":{"line":6,"column":68}},"6":{"start":{"line":6,"column":51},"end":{"line":6,"column":63}},"7":{"start":{"line":8,"column":4},"end":{"line":8,"column":39}},"8":{"start":{"line":10,"column":4},"end":{"line":10,"column":33}},"9":{"start":{"line":10,"column":26},"end":{"line":10,"column":33}},"10":{"start":{"line":11,"column":4},"end":{"line":11,"column":17}},"11":{"start":{"line":13,"column":25},"end":{"line":17,"column":2}},"12":{"start":{"line":14,"column":4},"end":{"line":14,"column":72}},"13":{"start":{"line":16,"column":4},"end":{"line":16,"column":21}},"14":{"start":{"line":18,"column":19},"end":{"line":34,"column":4}},"15":{"start":{"line":19,"column":18},"end":{"line":26,"column":5}},"16":{"start":{"line":20,"column":8},"end":{"line":24,"column":10}},"17":{"start":{"line":21,"column":21},"end":{"line":21,"column":23}},"18":{"start":{"line":22,"column":12},"end":{"line":22,"column":95}},"19":{"start":{"line":22,"column":29},"end":{"line":22,"column":95}},"20":{"start":{"line":22,"column":77},"end":{"line":22,"column":95}},"21":{"start":{"line":23,"column":12},"end":{"line":23,"column":22}},"22":{"start":{"line":25,"column":8},"end":{"line":25,"column":26}},"23":{"start":{"line":27,"column":4},"end":{"line":33,"column":6}},"24":{"start":{"line":28,"column":8},"end":{"line":28,"column":46}},"25":{"start":{"line":28,"column":35},"end":{"line":28,"column":46}},"26":{"start":{"line":29,"column":21},"end":{"line":29,"column":23}},"27":{"start":{"line":30,"column":8},"end":{"line":30,"column":137}},"28":{"start":{"line":30,"column":25},"end":{"line":30,"column":137}},"29":{"start":{"line":30,"column":38},"end":{"line":30,"column":50}},"30":{"start":{"line":30,"column":56},"end":{"line":30,"column":57}},"31":{"start":{"line":30,"column":78},"end":{"line":30,"column":137}},"32":{"start":{"line":30,"column":102},"end":{"line":30,"column":137}},"33":{"start":{"line":31,"column":8},"end":{"line":31,"column":40}},"34":{"start":{"line":32,"column":8},"end":{"line":32,"column":22}},"35":{"start":{"line":35,"column":0},"end":{"line":35,"column":62}},"36":{"start":{"line":36,"column":0},"end":{"line":36,"column":50}},"37":{"start":{"line":37,"column":0},"end":{"line":37,"column":72}},"38":{"start":{"line":38,"column":0},"end":{"line":38,"column":50}},"39":{"start":{"line":39,"column":0},"end":{"line":39,"column":62}},"40":{"start":{"line":40,"column":0},"end":{"line":40,"column":56}},"41":{"start":{"line":41,"column":0},"end":{"line":41,"column":46}},"42":{"start":{"line":42,"column":0},"end":{"line":42,"column":46}},"43":{"start":{"line":44,"column":15},"end":{"line":44,"column":39}},"44":{"start":{"line":45,"column":20},"end":{"line":45,"column":63}},"45":{"start":{"line":47,"column":25},"end":{"line":47,"column":30}},"46":{"start":{"line":48,"column":27},"end":{"line":48,"column":32}},"47":{"start":{"line":49,"column":23},"end":{"line":49,"column":25}},"48":{"start":{"line":50,"column":15},"end":{"line":50,"column":26}},"49":{"start":{"line":51,"column":16},"end":{"line":51,"column":18}},"50":{"start":{"line":52,"column":23},"end":{"line":52,"column":27}},"51":{"start":{"line":55,"column":4},"end":{"line":55,"column":31}},"52":{"start":{"line":59,"column":4},"end":{"line":59,"column":37}},"53":{"start":{"line":63,"column":4},"end":{"line":63,"column":31}},"54":{"start":{"line":66,"column":4},"end":{"line":66,"column":45}},"55":{"start":{"line":68,"column":4},"end":{"line":70,"column":5}},"56":{"start":{"line":69,"column":8},"end":{"line":69,"column":38}},"57":{"start":{"line":71,"column":4},"end":{"line":71,"column":30}},"58":{"start":{"line":74,"column":4},"end":{"line":74,"column":30}},"59":{"start":{"line":78,"column":4},"end":{"line":80,"column":5}},"60":{"start":{"line":79,"column":8},"end":{"line":79,"column":55}},"61":{"start":{"line":81,"column":4},"end":{"line":85,"column":20}},"62":{"start":{"line":82,"column":21},"end":{"line":82,"column":46}},"63":{"start":{"line":83,"column":30},"end":{"line":83,"column":89}},"64":{"start":{"line":84,"column":8},"end":{"line":84,"column":68}},"65":{"start":{"line":89,"column":4},"end":{"line":91,"column":5}},"66":{"start":{"line":90,"column":8},"end":{"line":90,"column":60}},"67":{"start":{"line":94,"column":4},"end":{"line":94,"column":21}},"68":{"start":{"line":96,"column":18},"end":{"line":226,"column":1}},"69":{"start":{"line":97,"column":4},"end":{"line":99,"column":5}},"70":{"start":{"line":98,"column":8},"end":{"line":98,"column":20}},"71":{"start":{"line":100,"column":4},"end":{"line":225,"column":29}},"72":{"start":{"line":124,"column":211},"end":{"line":124,"column":238}},"73":{"start":{"line":155,"column":254},"end":{"line":155,"column":285}},"74":{"start":{"line":183,"column":262},"end":{"line":183,"column":279}},"75":{"start":{"line":184,"column":24},"end":{"line":187,"column":25}},"76":{"start":{"line":185,"column":28},"end":{"line":185,"column":64}},"77":{"start":{"line":186,"column":28},"end":{"line":186,"column":43}},"78":{"start":{"line":196,"column":24},"end":{"line":198,"column":25}},"79":{"start":{"line":197,"column":28},"end":{"line":197,"column":58}},"80":{"start":{"line":211,"column":24},"end":{"line":214,"column":25}},"81":{"start":{"line":212,"column":28},"end":{"line":212,"column":64}},"82":{"start":{"line":213,"column":28},"end":{"line":213,"column":43}}},"fnMap":{"0":{"name":"(anonymous_0)","decl":{"start":{"line":2,"column":74},"end":{"line":2,"column":75}},"loc":{"start":{"line":2,"column":96},"end":{"line":9,"column":1}},"line":2},"1":{"name":"(anonymous_1)","decl":{"start":{"line":6,"column":38},"end":{"line":6,"column":39}},"loc":{"start":{"line":6,"column":49},"end":{"line":6,"column":65}},"line":6},"2":{"name":"(anonymous_2)","decl":{"start":{"line":9,"column":6},"end":{"line":9,"column":7}},"loc":{"start":{"line":9,"column":28},"end":{"line":12,"column":1}},"line":9},"3":{"name":"(anonymous_3)","decl":{"start":{"line":13,"column":80},"end":{"line":13,"column":81}},"loc":{"start":{"line":13,"column":95},"end":{"line":15,"column":1}},"line":13},"4":{"name":"(anonymous_4)","decl":{"start":{"line":15,"column":5},"end":{"line":15,"column":6}},"loc":{"start":{"line":15,"column":20},"end":{"line":17,"column":1}},"line":15},"5":{"name":"(anonymous_5)","decl":{"start":{"line":18,"column":51},"end":{"line":18,"column":52}},"loc":{"start":{"line":18,"column":63},"end":{"line":34,"column":1}},"line":18},"6":{"name":"(anonymous_6)","decl":{"start":{"line":19,"column":18},"end":{"line":19,"column":19}},"loc":{"start":{"line":19,"column":30},"end":{"line":26,"column":5}},"line":19},"7":{"name":"(anonymous_7)","decl":{"start":{"line":20,"column":48},"end":{"line":20,"column":49}},"loc":{"start":{"line":20,"column":61},"end":{"line":24,"column":9}},"line":20},"8":{"name":"(anonymous_8)","decl":{"start":{"line":27,"column":11},"end":{"line":27,"column":12}},"loc":{"start":{"line":27,"column":26},"end":{"line":33,"column":5}},"line":27},"9":{"name":"setGuestBookService","decl":{"start":{"line":54,"column":9},"end":{"line":54,"column":28}},"loc":{"start":{"line":54,"column":38},"end":{"line":56,"column":1}},"line":54},"10":{"name":"updateGuestBookConnectionState","decl":{"start":{"line":58,"column":9},"end":{"line":58,"column":39}},"loc":{"start":{"line":58,"column":51},"end":{"line":60,"column":1}},"line":58},"11":{"name":"setGuestBookEntries","decl":{"start":{"line":62,"column":9},"end":{"line":62,"column":28}},"loc":{"start":{"line":62,"column":38},"end":{"line":64,"column":1}},"line":62},"12":{"name":"toggleGuestBookVisibility","decl":{"start":{"line":65,"column":9},"end":{"line":65,"column":34}},"loc":{"start":{"line":65,"column":37},"end":{"line":72,"column":1}},"line":65},"13":{"name":"getGuestBookVisibility","decl":{"start":{"line":73,"column":9},"end":{"line":73,"column":31}},"loc":{"start":{"line":73,"column":34},"end":{"line":75,"column":1}},"line":73},"14":{"name":"formatEntries","decl":{"start":{"line":77,"column":9},"end":{"line":77,"column":22}},"loc":{"start":{"line":77,"column":25},"end":{"line":86,"column":1}},"line":77},"15":{"name":"(anonymous_15)","decl":{"start":{"line":81,"column":32},"end":{"line":81,"column":33}},"loc":{"start":{"line":81,"column":41},"end":{"line":85,"column":5}},"line":81},"16":{"name":"addGuestBookEntry","decl":{"start":{"line":88,"column":9},"end":{"line":88,"column":26}},"loc":{"start":{"line":88,"column":36},"end":{"line":92,"column":1}},"line":88},"17":{"name":"GuestBookUiEntity","decl":{"start":{"line":93,"column":9},"end":{"line":93,"column":26}},"loc":{"start":{"line":93,"column":29},"end":{"line":95,"column":1}},"line":93},"18":{"name":"(anonymous_18)","decl":{"start":{"line":96,"column":18},"end":{"line":96,"column":19}},"loc":{"start":{"line":96,"column":24},"end":{"line":226,"column":1}},"line":96},"19":{"name":"(anonymous_19)","decl":{"start":{"line":124,"column":205},"end":{"line":124,"column":206}},"loc":{"start":{"line":124,"column":211},"end":{"line":124,"column":238}},"line":124},"20":{"name":"(anonymous_20)","decl":{"start":{"line":155,"column":243},"end":{"line":155,"column":244}},"loc":{"start":{"line":155,"column":254},"end":{"line":155,"column":285}},"line":155},"21":{"name":"(anonymous_21)","decl":{"start":{"line":183,"column":251},"end":{"line":183,"column":252}},"loc":{"start":{"line":183,"column":262},"end":{"line":183,"column":279}},"line":183},"22":{"name":"(anonymous_22)","decl":{"start":{"line":183,"column":291},"end":{"line":183,"column":292}},"loc":{"start":{"line":183,"column":297},"end":{"line":188,"column":21}},"line":183},"23":{"name":"(anonymous_23)","decl":{"start":{"line":195,"column":177},"end":{"line":195,"column":178}},"loc":{"start":{"line":195,"column":183},"end":{"line":199,"column":21}},"line":195},"24":{"name":"(anonymous_24)","decl":{"start":{"line":210,"column":176},"end":{"line":210,"column":177}},"loc":{"start":{"line":210,"column":182},"end":{"line":215,"column":21}},"line":210}},"branchMap":{"0":{"loc":{"start":{"line":2,"column":22},"end":{"line":12,"column":3}},"type":"binary-expr","locations":[{"start":{"line":2,"column":23},"end":{"line":2,"column":27}},{"start":{"line":2,"column":31},"end":{"line":2,"column":51}},{"start":{"line":2,"column":57},"end":{"line":12,"column":2}}],"line":2},"1":{"loc":{"start":{"line":2,"column":57},"end":{"line":12,"column":2}},"type":"cond-expr","locations":[{"start":{"line":2,"column":74},"end":{"line":9,"column":1}},{"start":{"line":9,"column":6},"end":{"line":12,"column":1}}],"line":2},"2":{"loc":{"start":{"line":3,"column":4},"end":{"line":3,"column":33}},"type":"if","locations":[{"start":{"line":3,"column":4},"end":{"line":3,"column":33}},{"start":{},"end":{}}],"line":3},"3":{"loc":{"start":{"line":5,"column":4},"end":{"line":7,"column":5}},"type":"if","locations":[{"start":{"line":5,"column":4},"end":{"line":7,"column":5}},{"start":{},"end":{}}],"line":5},"4":{"loc":{"start":{"line":5,"column":8},"end":{"line":5,"column":85}},"type":"binary-expr","locations":[{"start":{"line":5,"column":8},"end":{"line":5,"column":13}},{"start":{"line":5,"column":18},"end":{"line":5,"column":84}}],"line":5},"5":{"loc":{"start":{"line":5,"column":18},"end":{"line":5,"column":84}},"type":"cond-expr","locations":[{"start":{"line":5,"column":34},"end":{"line":5,"column":47}},{"start":{"line":5,"column":50},"end":{"line":5,"column":84}}],"line":5},"6":{"loc":{"start":{"line":5,"column":50},"end":{"line":5,"column":84}},"type":"binary-expr","locations":[{"start":{"line":5,"column":50},"end":{"line":5,"column":63}},{"start":{"line":5,"column":67},"end":{"line":5,"column":84}}],"line":5},"7":{"loc":{"start":{"line":10,"column":4},"end":{"line":10,"column":33}},"type":"if","locations":[{"start":{"line":10,"column":4},"end":{"line":10,"column":33}},{"start":{},"end":{}}],"line":10},"8":{"loc":{"start":{"line":13,"column":25},"end":{"line":17,"column":2}},"type":"binary-expr","locations":[{"start":{"line":13,"column":26},"end":{"line":13,"column":30}},{"start":{"line":13,"column":34},"end":{"line":13,"column":57}},{"start":{"line":13,"column":63},"end":{"line":17,"column":1}}],"line":13},"9":{"loc":{"start":{"line":13,"column":63},"end":{"line":17,"column":1}},"type":"cond-expr","locations":[{"start":{"line":13,"column":80},"end":{"line":15,"column":1}},{"start":{"line":15,"column":5},"end":{"line":17,"column":1}}],"line":13},"10":{"loc":{"start":{"line":18,"column":19},"end":{"line":34,"column":4}},"type":"binary-expr","locations":[{"start":{"line":18,"column":20},"end":{"line":18,"column":24}},{"start":{"line":18,"column":28},"end":{"line":18,"column":45}},{"start":{"line":18,"column":50},"end":{"line":34,"column":4}}],"line":18},"11":{"loc":{"start":{"line":20,"column":18},"end":{"line":24,"column":9}},"type":"binary-expr","locations":[{"start":{"line":20,"column":18},"end":{"line":20,"column":44}},{"start":{"line":20,"column":48},"end":{"line":24,"column":9}}],"line":20},"12":{"loc":{"start":{"line":22,"column":29},"end":{"line":22,"column":95}},"type":"if","locations":[{"start":{"line":22,"column":29},"end":{"line":22,"column":95}},{"start":{},"end":{}}],"line":22},"13":{"loc":{"start":{"line":28,"column":8},"end":{"line":28,"column":46}},"type":"if","locations":[{"start":{"line":28,"column":8},"end":{"line":28,"column":46}},{"start":{},"end":{}}],"line":28},"14":{"loc":{"start":{"line":28,"column":12},"end":{"line":28,"column":33}},"type":"binary-expr","locations":[{"start":{"line":28,"column":12},"end":{"line":28,"column":15}},{"start":{"line":28,"column":19},"end":{"line":28,"column":33}}],"line":28},"15":{"loc":{"start":{"line":30,"column":8},"end":{"line":30,"column":137}},"type":"if","locations":[{"start":{"line":30,"column":8},"end":{"line":30,"column":137}},{"start":{},"end":{}}],"line":30},"16":{"loc":{"start":{"line":30,"column":78},"end":{"line":30,"column":137}},"type":"if","locations":[{"start":{"line":30,"column":78},"end":{"line":30,"column":137}},{"start":{},"end":{}}],"line":30},"17":{"loc":{"start":{"line":68,"column":4},"end":{"line":70,"column":5}},"type":"if","locations":[{"start":{"line":68,"column":4},"end":{"line":70,"column":5}},{"start":{},"end":{}}],"line":68},"18":{"loc":{"start":{"line":68,"column":8},"end":{"line":68,"column":70}},"type":"binary-expr","locations":[{"start":{"line":68,"column":8},"end":{"line":68,"column":26}},{"start":{"line":68,"column":30},"end":{"line":68,"column":50}},{"start":{"line":68,"column":54},"end":{"line":68,"column":70}}],"line":68},"19":{"loc":{"start":{"line":78,"column":4},"end":{"line":80,"column":5}},"type":"if","locations":[{"start":{"line":78,"column":4},"end":{"line":80,"column":5}},{"start":{},"end":{}}],"line":78},"20":{"loc":{"start":{"line":89,"column":4},"end":{"line":91,"column":5}},"type":"if","locations":[{"start":{"line":89,"column":4},"end":{"line":91,"column":5}},{"start":{},"end":{}}],"line":89},"21":{"loc":{"start":{"line":89,"column":8},"end":{"line":89,"column":42}},"type":"binary-expr","locations":[{"start":{"line":89,"column":8},"end":{"line":89,"column":24}},{"start":{"line":89,"column":28},"end":{"line":89,"column":42}}],"line":89},"22":{"loc":{"start":{"line":97,"column":4},"end":{"line":99,"column":5}},"type":"if","locations":[{"start":{"line":97,"column":4},"end":{"line":99,"column":5}},{"start":{},"end":{}}],"line":97},"23":{"loc":{"start":{"line":119,"column":78},"end":{"line":119,"column":133}},"type":"cond-expr","locations":[{"start":{"line":119,"column":101},"end":{"line":119,"column":114}},{"start":{"line":119,"column":117},"end":{"line":119,"column":133}}],"line":119},"24":{"loc":{"start":{"line":119,"column":156},"end":{"line":119,"column":222}},"type":"cond-expr","locations":[{"start":{"line":119,"column":179},"end":{"line":119,"column":200}},{"start":{"line":119,"column":203},"end":{"line":119,"column":222}}],"line":119},"25":{"loc":{"start":{"line":155,"column":265},"end":{"line":155,"column":285}},"type":"binary-expr","locations":[{"start":{"line":155,"column":265},"end":{"line":155,"column":270}},{"start":{"line":155,"column":274},"end":{"line":155,"column":285}}],"line":155},"26":{"loc":{"start":{"line":184,"column":24},"end":{"line":187,"column":25}},"type":"if","locations":[{"start":{"line":184,"column":24},"end":{"line":187,"column":25}},{"start":{},"end":{}}],"line":184},"27":{"loc":{"start":{"line":196,"column":24},"end":{"line":198,"column":25}},"type":"if","locations":[{"start":{"line":196,"column":24},"end":{"line":198,"column":25}},{"start":{},"end":{}}],"line":196},"28":{"loc":{"start":{"line":196,"column":28},"end":{"line":196,"column":68}},"type":"binary-expr","locations":[{"start":{"line":196,"column":28},"end":{"line":196,"column":44}},{"start":{"line":196,"column":48},"end":{"line":196,"column":68}}],"line":196},"29":{"loc":{"start":{"line":211,"column":24},"end":{"line":214,"column":25}},"type":"if","locations":[{"start":{"line":211,"column":24},"end":{"line":214,"column":25}},{"start":{},"end":{}}],"line":211}},"s":{"0":0,"1":0,"2":0,"3":0,"4":0,"5":0,"6":0,"7":0,"8":0,"9":0,"10":0,"11":0,"12":0,"13":0,"14":0,"15":0,"16":0,"17":0,"18":0,"19":0,"20":0,"21":0,"22":0,"23":0,"24":0,"25":0,"26":0,"27":0,"28":0,"29":0,"30":0,"31":0,"32":0,"33":0,"34":0,"35":0,"36":0,"37":0,"38":0,"39":0,"40":0,"41":0,"42":0,"43":0,"44":0,"45":0,"46":0,"47":0,"48":0,"49":0,"50":0,"51":0,"52":0,"53":0,"54":0,"55":0,"56":0,"57":0,"58":0,"59":0,"60":0,"61":0,"62":0,"63":0,"64":0,"65":0,"66":0,"67":0,"68":0,"69":0,"70":0,"71":0,"72":0,"73":0,"74":0,"75":0,"76":0,"77":0,"78":0,"79":0,"80":0,"81":0,"82":0},"f":{"0":0,"1":0,"2":0,"3":0,"4":0,"5":0,"6":0,"7":0,"8":0,"9":0,"10":0,"11":0,"12":0,"13":0,"14":0,"15":0,"16":0,"17":0,"18":0,"19":0,"20":0,"21":0,"22":0,"23":0,"24":0},"b":{"0":[0,0,0],"1":[0,0],"2":[0,0],"3":[0,0],"4":[0,0],"5":[0,0],"6":[0,0],"7":[0,0],"8":[0,0,0],"9":[0,0],"10":[0,0,0],"11":[0,0],"12":[0,0],"13":[0,0],"14":[0,0],"15":[0,0],"16":[0,0],"17":[0,0],"18":[0,0,0],"19":[0,0],"20":[0,0],"21":[0,0],"22":[0,0],"23":[0,0],"24":[0,0],"25":[0,0],"26":[0,0],"27":[0,0],"28":[0,0],"29":[0,0]}}
,"E:\\workspace\\decentraland\\workspace\\WorldScenes\\NewMainScene\\src\\index.ts": {"path":"E:\\workspace\\decentraland\\workspace\\WorldScenes\\NewMainScene\\src\\index.ts","statementMap":{"0":{"start":{"line":2,"column":0},"end":{"line":2,"column":62}},"1":{"start":{"line":3,"column":0},"end":{"line":3,"column":20}},"2":{"start":{"line":4,"column":26},"end":{"line":4,"column":54}},"3":{"start":{"line":5,"column":20},"end":{"line":5,"column":49}},"4":{"start":{"line":6,"column":24},"end":{"line":6,"column":58}},"5":{"start":{"line":7,"column":24},"end":{"line":7,"column":50}},"6":{"start":{"line":8,"column":24},"end":{"line":8,"column":50}},"7":{"start":{"line":9,"column":14},"end":{"line":9,"column":37}},"8":{"start":{"line":10,"column":21},"end":{"line":10,"column":44}},"9":{"start":{"line":11,"column":15},"end":{"line":11,"column":39}},"10":{"start":{"line":12,"column":33},"end":{"line":12,"column":76}},"11":{"start":{"line":14,"column":4},"end":{"line":14,"column":38}},"12":{"start":{"line":16,"column":22},"end":{"line":16,"column":66}},"13":{"start":{"line":17,"column":24},"end":{"line":17,"column":64}},"14":{"start":{"line":18,"column":4},"end":{"line":22,"column":7}},"15":{"start":{"line":19,"column":31},"end":{"line":19,"column":42}},"16":{"start":{"line":20,"column":33},"end":{"line":20,"column":46}},"17":{"start":{"line":21,"column":8},"end":{"line":21,"column":50}},"18":{"start":{"line":24,"column":4},"end":{"line":24,"column":68}},"19":{"start":{"line":26,"column":35},"end":{"line":26,"column":116}},"20":{"start":{"line":28,"column":4},"end":{"line":28,"column":69}},"21":{"start":{"line":30,"column":22},"end":{"line":30,"column":54}},"22":{"start":{"line":33,"column":22},"end":{"line":33,"column":46}},"23":{"start":{"line":34,"column":4},"end":{"line":34,"column":40}},"24":{"start":{"line":35,"column":4},"end":{"line":39,"column":7}},"25":{"start":{"line":40,"column":4},"end":{"line":40,"column":41}},"26":{"start":{"line":41,"column":4},"end":{"line":41,"column":41}},"27":{"start":{"line":42,"column":4},"end":{"line":44,"column":7}},"28":{"start":{"line":46,"column":26},"end":{"line":46,"column":50}},"29":{"start":{"line":47,"column":4},"end":{"line":50,"column":7}},"30":{"start":{"line":51,"column":4},"end":{"line":55,"column":7}},"31":{"start":{"line":56,"column":4},"end":{"line":60,"column":7}},"32":{"start":{"line":62,"column":4},"end":{"line":66,"column":7}},"33":{"start":{"line":63,"column":8},"end":{"line":65,"column":9}},"34":{"start":{"line":64,"column":12},"end":{"line":64,"column":61}},"35":{"start":{"line":68,"column":30},"end":{"line":68,"column":54}},"36":{"start":{"line":69,"column":4},"end":{"line":69,"column":48}},"37":{"start":{"line":70,"column":4},"end":{"line":74,"column":7}},"38":{"start":{"line":75,"column":4},"end":{"line":75,"column":49}},"39":{"start":{"line":76,"column":4},"end":{"line":76,"column":49}},"40":{"start":{"line":77,"column":4},"end":{"line":79,"column":7}},"41":{"start":{"line":81,"column":34},"end":{"line":81,"column":58}},"42":{"start":{"line":82,"column":4},"end":{"line":85,"column":7}},"43":{"start":{"line":86,"column":4},"end":{"line":90,"column":7}}},"fnMap":{"0":{"name":"main","decl":{"start":{"line":13,"column":9},"end":{"line":13,"column":13}},"loc":{"start":{"line":13,"column":16},"end":{"line":93,"column":1}},"line":13},"1":{"name":"(anonymous_1)","decl":{"start":{"line":18,"column":47},"end":{"line":18,"column":48}},"loc":{"start":{"line":18,"column":53},"end":{"line":22,"column":5}},"line":18},"2":{"name":"(anonymous_2)","decl":{"start":{"line":62,"column":27},"end":{"line":62,"column":28}},"loc":{"start":{"line":62,"column":33},"end":{"line":66,"column":5}},"line":62}},"branchMap":{"0":{"loc":{"start":{"line":21,"column":15},"end":{"line":21,"column":49}},"type":"binary-expr","locations":[{"start":{"line":21,"column":15},"end":{"line":21,"column":29}},{"start":{"line":21,"column":33},"end":{"line":21,"column":49}}],"line":21},"1":{"loc":{"start":{"line":63,"column":8},"end":{"line":65,"column":9}},"type":"if","locations":[{"start":{"line":63,"column":8},"end":{"line":65,"column":9}},{"start":{},"end":{}}],"line":63}},"s":{"0":1,"1":1,"2":1,"3":1,"4":1,"5":1,"6":1,"7":1,"8":1,"9":1,"10":1,"11":4,"12":4,"13":4,"14":4,"15":0,"16":0,"17":0,"18":4,"19":4,"20":4,"21":4,"22":4,"23":4,"24":4,"25":4,"26":4,"27":4,"28":4,"29":4,"30":4,"31":4,"32":4,"33":0,"34":0,"35":4,"36":4,"37":4,"38":4,"39":4,"40":4,"41":4,"42":4,"43":4},"f":{"0":4,"1":0,"2":0},"b":{"0":[0,0],"1":[0,0]},"_coverageSchema":"1a1c01bbd47fc00a2c39e90264f33305004495a9","hash":"99ef0b54fda26a2d45deda0e51db977b62652645"}
,"E:\\workspace\\decentraland\\workspace\\WorldScenes\\NewMainScene\\src\\npcController.ts": {"path":"E:\\workspace\\decentraland\\workspace\\WorldScenes\\NewMainScene\\src\\npcController.ts","statementMap":{"0":{"start":{"line":2,"column":0},"end":{"line":2,"column":62}},"1":{"start":{"line":3,"column":0},"end":{"line":3,"column":56}},"2":{"start":{"line":4,"column":0},"end":{"line":4,"column":50}},"3":{"start":{"line":5,"column":0},"end":{"line":5,"column":30}},"4":{"start":{"line":6,"column":14},"end":{"line":6,"column":37}},"5":{"start":{"line":7,"column":15},"end":{"line":7,"column":39}},"6":{"start":{"line":8,"column":22},"end":{"line":8,"column":27}},"7":{"start":{"line":10,"column":4},"end":{"line":10,"column":39}},"8":{"start":{"line":11,"column":4},"end":{"line":11,"column":27}},"9":{"start":{"line":14,"column":4},"end":{"line":14,"column":27}},"10":{"start":{"line":22,"column":22},"end":{"line":22,"column":46}},"11":{"start":{"line":24,"column":4},"end":{"line":39,"column":7}},"12":{"start":{"line":41,"column":4},"end":{"line":44,"column":7}},"13":{"start":{"line":46,"column":28},"end":{"line":46,"column":52}},"14":{"start":{"line":47,"column":4},"end":{"line":51,"column":7}},"15":{"start":{"line":53,"column":4},"end":{"line":53,"column":47}},"16":{"start":{"line":54,"column":4},"end":{"line":56,"column":7}},"17":{"start":{"line":58,"column":4},"end":{"line":58,"column":47}},"18":{"start":{"line":60,"column":4},"end":{"line":77,"column":7}},"19":{"start":{"line":79,"column":4},"end":{"line":83,"column":7}},"20":{"start":{"line":80,"column":8},"end":{"line":82,"column":9}},"21":{"start":{"line":81,"column":12},"end":{"line":81,"column":37}},"22":{"start":{"line":85,"column":32},"end":{"line":85,"column":33}},"23":{"start":{"line":86,"column":32},"end":{"line":86,"column":33}},"24":{"start":{"line":87,"column":25},"end":{"line":87,"column":26}},"25":{"start":{"line":88,"column":26},"end":{"line":88,"column":31}},"26":{"start":{"line":90,"column":4},"end":{"line":118,"column":7}},"27":{"start":{"line":91,"column":32},"end":{"line":91,"column":85}},"28":{"start":{"line":92,"column":8},"end":{"line":92,"column":41}},"29":{"start":{"line":93,"column":29},"end":{"line":93,"column":66}},"30":{"start":{"line":94,"column":8},"end":{"line":95,"column":19}},"31":{"start":{"line":95,"column":12},"end":{"line":95,"column":19}},"32":{"start":{"line":97,"column":34},"end":{"line":97,"column":106}},"33":{"start":{"line":99,"column":33},"end":{"line":99,"column":73}},"34":{"start":{"line":101,"column":36},"end":{"line":101,"column":79}},"35":{"start":{"line":103,"column":31},"end":{"line":103,"column":144}},"36":{"start":{"line":107,"column":8},"end":{"line":113,"column":9}},"37":{"start":{"line":109,"column":34},"end":{"line":109,"column":122}},"38":{"start":{"line":110,"column":29},"end":{"line":110,"column":83}},"39":{"start":{"line":111,"column":12},"end":{"line":111,"column":88}},"40":{"start":{"line":112,"column":12},"end":{"line":112,"column":52}},"41":{"start":{"line":115,"column":29},"end":{"line":115,"column":131}},"42":{"start":{"line":116,"column":26},"end":{"line":116,"column":86}},"43":{"start":{"line":117,"column":8},"end":{"line":117,"column":74}},"44":{"start":{"line":119,"column":4},"end":{"line":119,"column":21}}},"fnMap":{"0":{"name":"toggleDialogVisibility","decl":{"start":{"line":9,"column":9},"end":{"line":9,"column":31}},"loc":{"start":{"line":9,"column":34},"end":{"line":12,"column":1}},"line":9},"1":{"name":"getDialogVisibility","decl":{"start":{"line":13,"column":9},"end":{"line":13,"column":28}},"loc":{"start":{"line":13,"column":31},"end":{"line":15,"column":1}},"line":13},"2":{"name":"createNPC","decl":{"start":{"line":20,"column":9},"end":{"line":20,"column":18}},"loc":{"start":{"line":20,"column":21},"end":{"line":120,"column":1}},"line":20},"3":{"name":"(anonymous_3)","decl":{"start":{"line":79,"column":27},"end":{"line":79,"column":28}},"loc":{"start":{"line":79,"column":33},"end":{"line":83,"column":5}},"line":79},"4":{"name":"(anonymous_4)","decl":{"start":{"line":90,"column":27},"end":{"line":90,"column":28}},"loc":{"start":{"line":90,"column":35},"end":{"line":118,"column":5}},"line":90}},"branchMap":{"0":{"loc":{"start":{"line":80,"column":8},"end":{"line":82,"column":9}},"type":"if","locations":[{"start":{"line":80,"column":8},"end":{"line":82,"column":9}},{"start":{},"end":{}}],"line":80},"1":{"loc":{"start":{"line":94,"column":8},"end":{"line":95,"column":19}},"type":"if","locations":[{"start":{"line":94,"column":8},"end":{"line":95,"column":19}},{"start":{},"end":{}}],"line":94},"2":{"loc":{"start":{"line":107,"column":8},"end":{"line":113,"column":9}},"type":"if","locations":[{"start":{"line":107,"column":8},"end":{"line":113,"column":9}},{"start":{},"end":{}}],"line":107},"3":{"loc":{"start":{"line":107,"column":12},"end":{"line":107,"column":92}},"type":"binary-expr","locations":[{"start":{"line":107,"column":12},"end":{"line":107,"column":50}},{"start":{"line":107,"column":54},"end":{"line":107,"column":92}}],"line":107}},"s":{"0":1,"1":1,"2":1,"3":1,"4":1,"5":1,"6":1,"7":3,"8":3,"9":5,"10":4,"11":4,"12":4,"13":4,"14":4,"15":4,"16":4,"17":4,"18":4,"19":4,"20":0,"21":0,"22":4,"23":4,"24":4,"25":4,"26":4,"27":0,"28":0,"29":0,"30":0,"31":0,"32":0,"33":0,"34":0,"35":0,"36":0,"37":0,"38":0,"39":0,"40":0,"41":0,"42":0,"43":0,"44":4},"f":{"0":3,"1":5,"2":4,"3":0,"4":0},"b":{"0":[0,0],"1":[0,0],"2":[0,0],"3":[0,0]},"_coverageSchema":"1a1c01bbd47fc00a2c39e90264f33305004495a9","hash":"ed9ff0d62d1b5f5aee8c7ac284d98840461f6bc8"}
,"E:\\workspace\\decentraland\\workspace\\WorldScenes\\NewMainScene\\src\\utils.ts": {"path":"E:\\workspace\\decentraland\\workspace\\WorldScenes\\NewMainScene\\src\\utils.ts","statementMap":{"0":{"start":{"line":2,"column":0},"end":{"line":2,"column":62}},"1":{"start":{"line":3,"column":0},"end":{"line":3,"column":46}},"2":{"start":{"line":5,"column":20},"end":{"line":5,"column":38}},"3":{"start":{"line":6,"column":16},"end":{"line":6,"column":19}},"4":{"start":{"line":7,"column":4},"end":{"line":9,"column":5}},"5":{"start":{"line":7,"column":17},"end":{"line":7,"column":18}},"6":{"start":{"line":8,"column":8},"end":{"line":8,"column":57}},"7":{"start":{"line":10,"column":4},"end":{"line":10,"column":17}}},"fnMap":{"0":{"name":"getRandomHexColor","decl":{"start":{"line":4,"column":9},"end":{"line":4,"column":26}},"loc":{"start":{"line":4,"column":29},"end":{"line":11,"column":1}},"line":4}},"branchMap":{},"s":{"0":1,"1":1,"2":8,"3":8,"4":8,"5":8,"6":48,"7":8},"f":{"0":8},"b":{},"_coverageSchema":"1a1c01bbd47fc00a2c39e90264f33305004495a9","hash":"b3f7826629efff17d63ff72c2beb3b4b8d1065e4"}
,"E:\\workspace\\decentraland\\workspace\\WorldScenes\\NewMainScene\\src\\network\\guestBookSocketService.ts": {"path":"E:\\workspace\\decentraland\\workspace\\WorldScenes\\NewMainScene\\src\\network\\guestBookSocketService.ts","statementMap":{"0":{"start":{"line":2,"column":0},"end":{"line":2,"column":62}},"1":{"start":{"line":3,"column":0},"end":{"line":3,"column":40}},"2":{"start":{"line":4,"column":24},"end":{"line":4,"column":51}},"3":{"start":{"line":5,"column":21},"end":{"line":5,"column":51}},"4":{"start":{"line":8,"column":8},"end":{"line":8,"column":37}},"5":{"start":{"line":9,"column":8},"end":{"line":9,"column":23}},"6":{"start":{"line":10,"column":8},"end":{"line":10,"column":41}},"7":{"start":{"line":11,"column":8},"end":{"line":11,"column":34}},"8":{"start":{"line":12,"column":8},"end":{"line":12,"column":55}},"9":{"start":{"line":16,"column":8},"end":{"line":16,"column":52}},"10":{"start":{"line":17,"column":8},"end":{"line":17,"column":58}},"11":{"start":{"line":18,"column":8},"end":{"line":18,"column":54}},"12":{"start":{"line":19,"column":8},"end":{"line":19,"column":54}},"13":{"start":{"line":23,"column":8},"end":{"line":23,"column":66}},"14":{"start":{"line":24,"column":8},"end":{"line":24,"column":66}},"15":{"start":{"line":26,"column":8},"end":{"line":26,"column":26}},"16":{"start":{"line":30,"column":8},"end":{"line":50,"column":9}},"17":{"start":{"line":31,"column":25},"end":{"line":31,"column":47}},"18":{"start":{"line":32,"column":12},"end":{"line":32,"column":61}},"19":{"start":{"line":33,"column":12},"end":{"line":46,"column":13}},"20":{"start":{"line":35,"column":16},"end":{"line":37,"column":17}},"21":{"start":{"line":36,"column":20},"end":{"line":36,"column":75}},"22":{"start":{"line":39,"column":16},"end":{"line":42,"column":17}},"23":{"start":{"line":41,"column":20},"end":{"line":41,"column":38}},"24":{"start":{"line":44,"column":17},"end":{"line":46,"column":13}},"25":{"start":{"line":45,"column":16},"end":{"line":45,"column":64}},"26":{"start":{"line":49,"column":12},"end":{"line":49,"column":81}},"27":{"start":{"line":54,"column":8},"end":{"line":54,"column":61}},"28":{"start":{"line":55,"column":8},"end":{"line":55,"column":67}},"29":{"start":{"line":57,"column":8},"end":{"line":57,"column":94}},"30":{"start":{"line":57,"column":70},"end":{"line":57,"column":86}},"31":{"start":{"line":61,"column":8},"end":{"line":61,"column":59}},"32":{"start":{"line":65,"column":8},"end":{"line":65,"column":73}},"33":{"start":{"line":66,"column":8},"end":{"line":66,"column":46}},"34":{"start":{"line":67,"column":8},"end":{"line":67,"column":34}},"35":{"start":{"line":71,"column":8},"end":{"line":80,"column":9}},"36":{"start":{"line":72,"column":28},"end":{"line":75,"column":13}},"37":{"start":{"line":76,"column":12},"end":{"line":76,"column":54}},"38":{"start":{"line":79,"column":12},"end":{"line":79,"column":59}},"39":{"start":{"line":84,"column":8},"end":{"line":94,"column":9}},"40":{"start":{"line":85,"column":26},"end":{"line":89,"column":13}},"41":{"start":{"line":90,"column":12},"end":{"line":90,"column":52}},"42":{"start":{"line":93,"column":12},"end":{"line":93,"column":59}},"43":{"start":{"line":98,"column":8},"end":{"line":100,"column":9}},"44":{"start":{"line":99,"column":12},"end":{"line":99,"column":67}},"45":{"start":{"line":101,"column":8},"end":{"line":101,"column":28}},"46":{"start":{"line":104,"column":0},"end":{"line":104,"column":56}}},"fnMap":{"0":{"name":"(anonymous_0)","decl":{"start":{"line":7,"column":4},"end":{"line":7,"column":5}},"loc":{"start":{"line":7,"column":21},"end":{"line":13,"column":5}},"line":7},"1":{"name":"(anonymous_1)","decl":{"start":{"line":15,"column":4},"end":{"line":15,"column":5}},"loc":{"start":{"line":15,"column":25},"end":{"line":20,"column":5}},"line":15},"2":{"name":"(anonymous_2)","decl":{"start":{"line":22,"column":4},"end":{"line":22,"column":5}},"loc":{"start":{"line":22,"column":13},"end":{"line":27,"column":5}},"line":22},"3":{"name":"(anonymous_3)","decl":{"start":{"line":29,"column":4},"end":{"line":29,"column":5}},"loc":{"start":{"line":29,"column":21},"end":{"line":51,"column":5}},"line":29},"4":{"name":"(anonymous_4)","decl":{"start":{"line":53,"column":4},"end":{"line":53,"column":5}},"loc":{"start":{"line":53,"column":14},"end":{"line":58,"column":5}},"line":53},"5":{"name":"(anonymous_5)","decl":{"start":{"line":57,"column":64},"end":{"line":57,"column":65}},"loc":{"start":{"line":57,"column":70},"end":{"line":57,"column":86}},"line":57},"6":{"name":"(anonymous_6)","decl":{"start":{"line":60,"column":4},"end":{"line":60,"column":5}},"loc":{"start":{"line":60,"column":19},"end":{"line":62,"column":5}},"line":60},"7":{"name":"(anonymous_7)","decl":{"start":{"line":64,"column":4},"end":{"line":64,"column":5}},"loc":{"start":{"line":64,"column":16},"end":{"line":68,"column":5}},"line":64},"8":{"name":"(anonymous_8)","decl":{"start":{"line":70,"column":4},"end":{"line":70,"column":5}},"loc":{"start":{"line":70,"column":22},"end":{"line":81,"column":5}},"line":70},"9":{"name":"(anonymous_9)","decl":{"start":{"line":83,"column":4},"end":{"line":83,"column":5}},"loc":{"start":{"line":83,"column":28},"end":{"line":95,"column":5}},"line":83},"10":{"name":"(anonymous_10)","decl":{"start":{"line":97,"column":4},"end":{"line":97,"column":5}},"loc":{"start":{"line":97,"column":12},"end":{"line":102,"column":5}},"line":97}},"branchMap":{"0":{"loc":{"start":{"line":33,"column":12},"end":{"line":46,"column":13}},"type":"if","locations":[{"start":{"line":33,"column":12},"end":{"line":46,"column":13}},{"start":{"line":44,"column":17},"end":{"line":46,"column":13}}],"line":33},"1":{"loc":{"start":{"line":35,"column":16},"end":{"line":37,"column":17}},"type":"if","locations":[{"start":{"line":35,"column":16},"end":{"line":37,"column":17}},{"start":{},"end":{}}],"line":35},"2":{"loc":{"start":{"line":39,"column":16},"end":{"line":42,"column":17}},"type":"if","locations":[{"start":{"line":39,"column":16},"end":{"line":42,"column":17}},{"start":{},"end":{}}],"line":39},"3":{"loc":{"start":{"line":44,"column":17},"end":{"line":46,"column":13}},"type":"if","locations":[{"start":{"line":44,"column":17},"end":{"line":46,"column":13}},{"start":{},"end":{}}],"line":44},"4":{"loc":{"start":{"line":71,"column":8},"end":{"line":80,"column":9}},"type":"if","locations":[{"start":{"line":71,"column":8},"end":{"line":80,"column":9}},{"start":{"line":78,"column":13},"end":{"line":80,"column":9}}],"line":71},"5":{"loc":{"start":{"line":84,"column":8},"end":{"line":94,"column":9}},"type":"if","locations":[{"start":{"line":84,"column":8},"end":{"line":94,"column":9}},{"start":{"line":92,"column":13},"end":{"line":94,"column":9}}],"line":84},"6":{"loc":{"start":{"line":87,"column":22},"end":{"line":87,"column":41}},"type":"binary-expr","locations":[{"start":{"line":87,"column":22},"end":{"line":87,"column":26}},{"start":{"line":87,"column":30},"end":{"line":87,"column":41}}],"line":87},"7":{"loc":{"start":{"line":98,"column":8},"end":{"line":100,"column":9}},"type":"if","locations":[{"start":{"line":98,"column":8},"end":{"line":100,"column":9}},{"start":{},"end":{}}],"line":98}},"s":{"0":1,"1":1,"2":1,"3":1,"4":18,"5":18,"6":18,"7":18,"8":18,"9":19,"10":19,"11":19,"12":19,"13":1,"14":1,"15":1,"16":4,"17":4,"18":3,"19":3,"20":2,"21":1,"22":2,"23":1,"24":1,"25":1,"26":1,"27":1,"28":1,"29":1,"30":0,"31":1,"32":1,"33":1,"34":1,"35":3,"36":2,"37":2,"38":1,"39":3,"40":2,"41":2,"42":1,"43":2,"44":1,"45":2,"46":1},"f":{"0":18,"1":19,"2":1,"3":4,"4":1,"5":0,"6":1,"7":1,"8":3,"9":3,"10":2},"b":{"0":[2,1],"1":[1,1],"2":[1,1],"3":[1,0],"4":[2,1],"5":[2,1],"6":[2,1],"7":[1,1]},"_coverageSchema":"1a1c01bbd47fc00a2c39e90264f33305004495a9","hash":"050a90180db477eac82db22739815c75fe38a944"}
,"E:\\workspace\\decentraland\\workspace\\WorldScenes\\NewMainScene\\src\\network\\socketService.ts": {"path":"E:\\workspace\\decentraland\\workspace\\WorldScenes\\NewMainScene\\src\\network\\socketService.ts","statementMap":{"0":{"start":{"line":2,"column":0},"end":{"line":2,"column":62}},"1":{"start":{"line":3,"column":0},"end":{"line":3,"column":31}},"2":{"start":{"line":4,"column":26},"end":{"line":4,"column":55}},"3":{"start":{"line":7,"column":8},"end":{"line":7,"column":37}},"4":{"start":{"line":8,"column":8},"end":{"line":8,"column":23}},"5":{"start":{"line":9,"column":8},"end":{"line":9,"column":41}},"6":{"start":{"line":10,"column":8},"end":{"line":10,"column":54}},"7":{"start":{"line":11,"column":8},"end":{"line":11,"column":34}},"8":{"start":{"line":12,"column":8},"end":{"line":12,"column":47}},"9":{"start":{"line":16,"column":8},"end":{"line":16,"column":52}},"10":{"start":{"line":17,"column":8},"end":{"line":17,"column":58}},"11":{"start":{"line":18,"column":8},"end":{"line":18,"column":54}},"12":{"start":{"line":19,"column":8},"end":{"line":19,"column":54}},"13":{"start":{"line":23,"column":8},"end":{"line":23,"column":43}},"14":{"start":{"line":24,"column":8},"end":{"line":24,"column":56}},"15":{"start":{"line":28,"column":8},"end":{"line":28,"column":60}},"16":{"start":{"line":32,"column":8},"end":{"line":32,"column":45}},"17":{"start":{"line":33,"column":8},"end":{"line":33,"column":57}},"18":{"start":{"line":39,"column":8},"end":{"line":39,"column":49}},"19":{"start":{"line":44,"column":8},"end":{"line":44,"column":52}},"20":{"start":{"line":45,"column":8},"end":{"line":45,"column":46}},"21":{"start":{"line":46,"column":8},"end":{"line":46,"column":54}},"22":{"start":{"line":47,"column":8},"end":{"line":47,"column":34}},"23":{"start":{"line":51,"column":8},"end":{"line":56,"column":9}},"24":{"start":{"line":52,"column":12},"end":{"line":52,"column":38}},"25":{"start":{"line":55,"column":12},"end":{"line":55,"column":49}},"26":{"start":{"line":59,"column":0},"end":{"line":59,"column":38}}},"fnMap":{"0":{"name":"(anonymous_0)","decl":{"start":{"line":6,"column":4},"end":{"line":6,"column":5}},"loc":{"start":{"line":6,"column":21},"end":{"line":13,"column":5}},"line":6},"1":{"name":"(anonymous_1)","decl":{"start":{"line":15,"column":4},"end":{"line":15,"column":5}},"loc":{"start":{"line":15,"column":25},"end":{"line":20,"column":5}},"line":15},"2":{"name":"(anonymous_2)","decl":{"start":{"line":22,"column":4},"end":{"line":22,"column":5}},"loc":{"start":{"line":22,"column":13},"end":{"line":25,"column":5}},"line":22},"3":{"name":"(anonymous_3)","decl":{"start":{"line":27,"column":4},"end":{"line":27,"column":5}},"loc":{"start":{"line":27,"column":21},"end":{"line":29,"column":5}},"line":27},"4":{"name":"(anonymous_4)","decl":{"start":{"line":31,"column":4},"end":{"line":31,"column":5}},"loc":{"start":{"line":31,"column":14},"end":{"line":36,"column":5}},"line":31},"5":{"name":"(anonymous_5)","decl":{"start":{"line":38,"column":4},"end":{"line":38,"column":5}},"loc":{"start":{"line":38,"column":19},"end":{"line":41,"column":5}},"line":38},"6":{"name":"(anonymous_6)","decl":{"start":{"line":43,"column":4},"end":{"line":43,"column":5}},"loc":{"start":{"line":43,"column":16},"end":{"line":48,"column":5}},"line":43},"7":{"name":"(anonymous_7)","decl":{"start":{"line":50,"column":4},"end":{"line":50,"column":5}},"loc":{"start":{"line":50,"column":25},"end":{"line":57,"column":5}},"line":50}},"branchMap":{"0":{"loc":{"start":{"line":51,"column":8},"end":{"line":56,"column":9}},"type":"if","locations":[{"start":{"line":51,"column":8},"end":{"line":56,"column":9}},{"start":{"line":54,"column":13},"end":{"line":56,"column":9}}],"line":51}},"s":{"0":1,"1":1,"2":1,"3":9,"4":9,"5":9,"6":9,"7":9,"8":9,"9":10,"10":10,"11":10,"12":10,"13":1,"14":1,"15":1,"16":1,"17":1,"18":1,"19":1,"20":1,"21":1,"22":1,"23":2,"24":1,"25":1,"26":1},"f":{"0":9,"1":10,"2":1,"3":1,"4":1,"5":1,"6":1,"7":2},"b":{"0":[1,1]},"_coverageSchema":"1a1c01bbd47fc00a2c39e90264f33305004495a9","hash":"fcc53c7711751a4ebaafab1ace3ec4d843f2b809"}
,"E:\\workspace\\decentraland\\workspace\\WorldScenes\\NewMainScene\\src\\utils\\timerUtils.ts": {"path":"E:\\workspace\\decentraland\\workspace\\WorldScenes\\NewMainScene\\src\\utils\\timerUtils.ts","statementMap":{"0":{"start":{"line":6,"column":0},"end":{"line":6,"column":62}},"1":{"start":{"line":7,"column":0},"end":{"line":7,"column":38}},"2":{"start":{"line":8,"column":0},"end":{"line":8,"column":38}},"3":{"start":{"line":9,"column":14},"end":{"line":9,"column":37}},"4":{"start":{"line":11,"column":21},"end":{"line":11,"column":30}},"5":{"start":{"line":12,"column":18},"end":{"line":12,"column":19}},"6":{"start":{"line":20,"column":20},"end":{"line":20,"column":33}},"7":{"start":{"line":22,"column":4},"end":{"line":25,"column":7}},"8":{"start":{"line":27,"column":4},"end":{"line":27,"column":24}},"9":{"start":{"line":28,"column":4},"end":{"line":28,"column":19}},"10":{"start":{"line":35,"column":4},"end":{"line":35,"column":33}},"11":{"start":{"line":38,"column":23},"end":{"line":38,"column":28}},"12":{"start":{"line":41,"column":4},"end":{"line":42,"column":15}},"13":{"start":{"line":42,"column":8},"end":{"line":42,"column":15}},"14":{"start":{"line":44,"column":4},"end":{"line":44,"column":42}},"15":{"start":{"line":45,"column":4},"end":{"line":45,"column":28}},"16":{"start":{"line":50,"column":17},"end":{"line":50,"column":26}},"17":{"start":{"line":52,"column":4},"end":{"line":62,"column":7}},"18":{"start":{"line":54,"column":8},"end":{"line":54,"column":32}},"19":{"start":{"line":56,"column":8},"end":{"line":61,"column":9}},"20":{"start":{"line":58,"column":12},"end":{"line":58,"column":29}},"21":{"start":{"line":60,"column":12},"end":{"line":60,"column":41}}},"fnMap":{"0":{"name":"createTimeout","decl":{"start":{"line":19,"column":9},"end":{"line":19,"column":22}},"loc":{"start":{"line":19,"column":40},"end":{"line":29,"column":1}},"line":19},"1":{"name":"cancelTimeout","decl":{"start":{"line":34,"column":9},"end":{"line":34,"column":22}},"loc":{"start":{"line":34,"column":32},"end":{"line":36,"column":1}},"line":34},"2":{"name":"ensureTimerSystem","decl":{"start":{"line":40,"column":9},"end":{"line":40,"column":26}},"loc":{"start":{"line":40,"column":29},"end":{"line":46,"column":1}},"line":40},"3":{"name":"processTimers","decl":{"start":{"line":48,"column":9},"end":{"line":48,"column":22}},"loc":{"start":{"line":48,"column":27},"end":{"line":63,"column":1}},"line":48},"4":{"name":"(anonymous_4)","decl":{"start":{"line":52,"column":25},"end":{"line":52,"column":26}},"loc":{"start":{"line":52,"column":45},"end":{"line":62,"column":5}},"line":52}},"branchMap":{"0":{"loc":{"start":{"line":41,"column":4},"end":{"line":42,"column":15}},"type":"if","locations":[{"start":{"line":41,"column":4},"end":{"line":42,"column":15}},{"start":{},"end":{}}],"line":41},"1":{"loc":{"start":{"line":56,"column":8},"end":{"line":61,"column":9}},"type":"if","locations":[{"start":{"line":56,"column":8},"end":{"line":61,"column":9}},{"start":{},"end":{}}],"line":56}},"s":{"0":1,"1":1,"2":1,"3":1,"4":1,"5":1,"6":5,"7":5,"8":5,"9":5,"10":2,"11":1,"12":5,"13":4,"14":1,"15":1,"16":0,"17":0,"18":0,"19":0,"20":0,"21":0},"f":{"0":5,"1":2,"2":5,"3":0,"4":0},"b":{"0":[4,1],"1":[0,0]},"_coverageSchema":"1a1c01bbd47fc00a2c39e90264f33305004495a9","hash":"5f6e34ae1b57bca4c43baad6630f60c18c396620"}
}
