TN:
SF:src\components.ts
FNF:0
FNH:0
DA:2,1
DA:3,1
DA:4,1
DA:7,1
DA:10,1
LF:5
LH:5
BRF:0
BRH:0
end_of_record
TN:
SF:src\curator_chat_ui.tsx
FN:2,(anonymous_0)
FN:6,(anonymous_1)
FN:9,(anonymous_2)
FN:13,(anonymous_3)
FN:15,(anonymous_4)
FN:18,(anonymous_5)
FN:19,(anonymous_6)
FN:20,(anonymous_7)
FN:27,(anonymous_8)
FN:53,SetCuratorAnswer
FN:66,SetSocket
FN:70,SetConnectionState
FN:75,CuratorChatUiEntity
FN:78,(anonymous_13)
FN:95,(anonymous_14)
FN:128,(anonymous_15)
FN:128,(anonymous_16)
FN:136,(anonymous_17)
FN:147,(anonymous_18)
FN:158,(anonymous_19)
FN:172,sendMessage
FN:183,clearOutput
FN:188,copyAnswerToClipboard
FN:193,showPreviousPage
FN:202,showNextPage
FNF:25
FNH:0
FNDA:0,(anonymous_0)
FNDA:0,(anonymous_1)
FNDA:0,(anonymous_2)
FNDA:0,(anonymous_3)
FNDA:0,(anonymous_4)
FNDA:0,(anonymous_5)
FNDA:0,(anonymous_6)
FNDA:0,(anonymous_7)
FNDA:0,(anonymous_8)
FNDA:0,SetCuratorAnswer
FNDA:0,SetSocket
FNDA:0,SetConnectionState
FNDA:0,CuratorChatUiEntity
FNDA:0,(anonymous_13)
FNDA:0,(anonymous_14)
FNDA:0,(anonymous_15)
FNDA:0,(anonymous_16)
FNDA:0,(anonymous_17)
FNDA:0,(anonymous_18)
FNDA:0,(anonymous_19)
FNDA:0,sendMessage
FNDA:0,clearOutput
FNDA:0,copyAnswerToClipboard
FNDA:0,showPreviousPage
FNDA:0,showNextPage
DA:2,0
DA:3,0
DA:4,0
DA:5,0
DA:6,0
DA:8,0
DA:10,0
DA:11,0
DA:13,0
DA:14,0
DA:16,0
DA:18,0
DA:19,0
DA:20,0
DA:21,0
DA:22,0
DA:23,0
DA:25,0
DA:27,0
DA:28,0
DA:29,0
DA:30,0
DA:31,0
DA:32,0
DA:35,0
DA:36,0
DA:37,0
DA:38,0
DA:39,0
DA:40,0
DA:41,0
DA:42,0
DA:44,0
DA:46,0
DA:47,0
DA:48,0
DA:50,0
DA:51,0
DA:52,0
DA:55,0
DA:56,0
DA:57,0
DA:58,0
DA:59,0
DA:62,0
DA:67,0
DA:71,0
DA:74,0
DA:76,0
DA:78,0
DA:79,0
DA:80,0
DA:81,0
DA:83,0
DA:95,0
DA:128,0
DA:136,0
DA:147,0
DA:158,0
DA:174,0
DA:176,0
DA:178,0
DA:179,0
DA:184,0
DA:185,0
DA:189,0
DA:190,0
DA:194,0
DA:195,0
DA:196,0
DA:203,0
DA:204,0
DA:205,0
LF:73
LH:0
BRDA:2,0,0,0
BRDA:2,0,1,0
BRDA:2,0,2,0
BRDA:2,1,0,0
BRDA:2,1,1,0
BRDA:3,2,0,0
BRDA:3,2,1,0
BRDA:5,3,0,0
BRDA:5,3,1,0
BRDA:5,4,0,0
BRDA:5,4,1,0
BRDA:5,5,0,0
BRDA:5,5,1,0
BRDA:5,6,0,0
BRDA:5,6,1,0
BRDA:10,7,0,0
BRDA:10,7,1,0
BRDA:13,8,0,0
BRDA:13,8,1,0
BRDA:13,8,2,0
BRDA:13,9,0,0
BRDA:13,9,1,0
BRDA:18,10,0,0
BRDA:18,10,1,0
BRDA:18,10,2,0
BRDA:20,11,0,0
BRDA:20,11,1,0
BRDA:22,12,0,0
BRDA:22,12,1,0
BRDA:28,13,0,0
BRDA:28,13,1,0
BRDA:28,14,0,0
BRDA:28,14,1,0
BRDA:30,15,0,0
BRDA:30,15,1,0
BRDA:30,16,0,0
BRDA:30,16,1,0
BRDA:62,17,0,0
BRDA:62,17,1,0
BRDA:63,18,0,0
BRDA:63,18,1,0
BRDA:64,19,0,0
BRDA:64,19,1,0
BRDA:80,20,0,0
BRDA:80,20,1,0
BRDA:159,21,0,0
BRDA:159,21,1,0
BRDA:178,22,0,0
BRDA:178,22,1,0
BRDA:178,23,0,0
BRDA:178,23,1,0
BRDA:194,24,0,0
BRDA:194,24,1,0
BRDA:197,25,0,0
BRDA:197,25,1,0
BRDA:198,26,0,0
BRDA:198,26,1,0
BRDA:203,27,0,0
BRDA:203,27,1,0
BRDA:206,28,0,0
BRDA:206,28,1,0
BRDA:207,29,0,0
BRDA:207,29,1,0
BRF:63
BRH:0
end_of_record
TN:
SF:src\factory.ts
FN:9,createCube
FNF:1
FNH:1
FNDA:1,createCube
DA:2,1
DA:3,1
DA:4,1
DA:5,1
DA:6,1
DA:7,1
DA:10,1
DA:12,1
DA:13,1
DA:15,1
DA:16,1
DA:17,1
DA:19,1
DA:22,1
DA:27,1
LF:15
LH:15
BRDA:9,0,0,1
BRF:1
BRH:1
end_of_record
TN:
SF:src\guest_book_ui.tsx
FN:2,(anonymous_0)
FN:6,(anonymous_1)
FN:9,(anonymous_2)
FN:13,(anonymous_3)
FN:15,(anonymous_4)
FN:18,(anonymous_5)
FN:19,(anonymous_6)
FN:20,(anonymous_7)
FN:27,(anonymous_8)
FN:54,setGuestBookService
FN:58,updateGuestBookConnectionState
FN:62,setGuestBookEntries
FN:65,toggleGuestBookVisibility
FN:73,getGuestBookVisibility
FN:77,formatEntries
FN:81,(anonymous_15)
FN:88,addGuestBookEntry
FN:93,GuestBookUiEntity
FN:96,(anonymous_18)
FN:124,(anonymous_19)
FN:155,(anonymous_20)
FN:183,(anonymous_21)
FN:183,(anonymous_22)
FN:195,(anonymous_23)
FN:210,(anonymous_24)
FNF:25
FNH:0
FNDA:0,(anonymous_0)
FNDA:0,(anonymous_1)
FNDA:0,(anonymous_2)
FNDA:0,(anonymous_3)
FNDA:0,(anonymous_4)
FNDA:0,(anonymous_5)
FNDA:0,(anonymous_6)
FNDA:0,(anonymous_7)
FNDA:0,(anonymous_8)
FNDA:0,setGuestBookService
FNDA:0,updateGuestBookConnectionState
FNDA:0,setGuestBookEntries
FNDA:0,toggleGuestBookVisibility
FNDA:0,getGuestBookVisibility
FNDA:0,formatEntries
FNDA:0,(anonymous_15)
FNDA:0,addGuestBookEntry
FNDA:0,GuestBookUiEntity
FNDA:0,(anonymous_18)
FNDA:0,(anonymous_19)
FNDA:0,(anonymous_20)
FNDA:0,(anonymous_21)
FNDA:0,(anonymous_22)
FNDA:0,(anonymous_23)
FNDA:0,(anonymous_24)
DA:2,0
DA:3,0
DA:4,0
DA:5,0
DA:6,0
DA:8,0
DA:10,0
DA:11,0
DA:13,0
DA:14,0
DA:16,0
DA:18,0
DA:19,0
DA:20,0
DA:21,0
DA:22,0
DA:23,0
DA:25,0
DA:27,0
DA:28,0
DA:29,0
DA:30,0
DA:31,0
DA:32,0
DA:35,0
DA:36,0
DA:37,0
DA:38,0
DA:39,0
DA:40,0
DA:41,0
DA:42,0
DA:44,0
DA:45,0
DA:47,0
DA:48,0
DA:49,0
DA:50,0
DA:51,0
DA:52,0
DA:55,0
DA:59,0
DA:63,0
DA:66,0
DA:68,0
DA:69,0
DA:71,0
DA:74,0
DA:78,0
DA:79,0
DA:81,0
DA:82,0
DA:83,0
DA:84,0
DA:89,0
DA:90,0
DA:94,0
DA:96,0
DA:97,0
DA:98,0
DA:100,0
DA:124,0
DA:155,0
DA:183,0
DA:184,0
DA:185,0
DA:186,0
DA:196,0
DA:197,0
DA:211,0
DA:212,0
DA:213,0
LF:72
LH:0
BRDA:2,0,0,0
BRDA:2,0,1,0
BRDA:2,0,2,0
BRDA:2,1,0,0
BRDA:2,1,1,0
BRDA:3,2,0,0
BRDA:3,2,1,0
BRDA:5,3,0,0
BRDA:5,3,1,0
BRDA:5,4,0,0
BRDA:5,4,1,0
BRDA:5,5,0,0
BRDA:5,5,1,0
BRDA:5,6,0,0
BRDA:5,6,1,0
BRDA:10,7,0,0
BRDA:10,7,1,0
BRDA:13,8,0,0
BRDA:13,8,1,0
BRDA:13,8,2,0
BRDA:13,9,0,0
BRDA:13,9,1,0
BRDA:18,10,0,0
BRDA:18,10,1,0
BRDA:18,10,2,0
BRDA:20,11,0,0
BRDA:20,11,1,0
BRDA:22,12,0,0
BRDA:22,12,1,0
BRDA:28,13,0,0
BRDA:28,13,1,0
BRDA:28,14,0,0
BRDA:28,14,1,0
BRDA:30,15,0,0
BRDA:30,15,1,0
BRDA:30,16,0,0
BRDA:30,16,1,0
BRDA:68,17,0,0
BRDA:68,17,1,0
BRDA:68,18,0,0
BRDA:68,18,1,0
BRDA:68,18,2,0
BRDA:78,19,0,0
BRDA:78,19,1,0
BRDA:89,20,0,0
BRDA:89,20,1,0
BRDA:89,21,0,0
BRDA:89,21,1,0
BRDA:97,22,0,0
BRDA:97,22,1,0
BRDA:119,23,0,0
BRDA:119,23,1,0
BRDA:119,24,0,0
BRDA:119,24,1,0
BRDA:155,25,0,0
BRDA:155,25,1,0
BRDA:184,26,0,0
BRDA:184,26,1,0
BRDA:196,27,0,0
BRDA:196,27,1,0
BRDA:196,28,0,0
BRDA:196,28,1,0
BRDA:211,29,0,0
BRDA:211,29,1,0
BRF:64
BRH:0
end_of_record
TN:
SF:src\index.ts
FN:13,main
FN:18,(anonymous_1)
FN:62,(anonymous_2)
FNF:3
FNH:1
FNDA:4,main
FNDA:0,(anonymous_1)
FNDA:0,(anonymous_2)
DA:2,1
DA:3,1
DA:4,1
DA:5,1
DA:6,1
DA:7,1
DA:8,1
DA:9,1
DA:10,1
DA:11,1
DA:12,1
DA:14,4
DA:16,4
DA:17,4
DA:18,4
DA:19,0
DA:20,0
DA:21,0
DA:24,4
DA:26,4
DA:28,4
DA:30,4
DA:33,4
DA:34,4
DA:35,4
DA:40,4
DA:41,4
DA:42,4
DA:46,4
DA:47,4
DA:51,4
DA:56,4
DA:62,4
DA:63,0
DA:64,0
DA:68,4
DA:69,4
DA:70,4
DA:75,4
DA:76,4
DA:77,4
DA:81,4
DA:82,4
DA:86,4
LF:44
LH:39
BRDA:21,0,0,0
BRDA:21,0,1,0
BRDA:63,1,0,0
BRDA:63,1,1,0
BRF:4
BRH:0
end_of_record
TN:
SF:src\npcController.ts
FN:9,toggleDialogVisibility
FN:13,getDialogVisibility
FN:20,createNPC
FN:79,(anonymous_3)
FN:90,(anonymous_4)
FNF:5
FNH:3
FNDA:3,toggleDialogVisibility
FNDA:5,getDialogVisibility
FNDA:4,createNPC
FNDA:0,(anonymous_3)
FNDA:0,(anonymous_4)
DA:2,1
DA:3,1
DA:4,1
DA:5,1
DA:6,1
DA:7,1
DA:8,1
DA:10,3
DA:11,3
DA:14,5
DA:22,4
DA:24,4
DA:41,4
DA:46,4
DA:47,4
DA:53,4
DA:54,4
DA:58,4
DA:60,4
DA:79,4
DA:80,0
DA:81,0
DA:85,4
DA:86,4
DA:87,4
DA:88,4
DA:90,4
DA:91,0
DA:92,0
DA:93,0
DA:94,0
DA:95,0
DA:97,0
DA:99,0
DA:101,0
DA:103,0
DA:107,0
DA:109,0
DA:110,0
DA:111,0
DA:112,0
DA:115,0
DA:116,0
DA:117,0
DA:119,4
LF:45
LH:26
BRDA:80,0,0,0
BRDA:80,0,1,0
BRDA:94,1,0,0
BRDA:94,1,1,0
BRDA:107,2,0,0
BRDA:107,2,1,0
BRDA:107,3,0,0
BRDA:107,3,1,0
BRF:8
BRH:0
end_of_record
TN:
SF:src\utils.ts
FN:4,getRandomHexColor
FNF:1
FNH:1
FNDA:8,getRandomHexColor
DA:2,1
DA:3,1
DA:5,8
DA:6,8
DA:7,8
DA:8,48
DA:10,8
LF:7
LH:7
BRF:0
BRH:0
end_of_record
TN:
SF:src\network\guestBookSocketService.ts
FN:7,(anonymous_0)
FN:15,(anonymous_1)
FN:22,(anonymous_2)
FN:29,(anonymous_3)
FN:53,(anonymous_4)
FN:57,(anonymous_5)
FN:60,(anonymous_6)
FN:64,(anonymous_7)
FN:70,(anonymous_8)
FN:83,(anonymous_9)
FN:97,(anonymous_10)
FNF:11
FNH:10
FNDA:18,(anonymous_0)
FNDA:19,(anonymous_1)
FNDA:1,(anonymous_2)
FNDA:4,(anonymous_3)
FNDA:1,(anonymous_4)
FNDA:0,(anonymous_5)
FNDA:1,(anonymous_6)
FNDA:1,(anonymous_7)
FNDA:3,(anonymous_8)
FNDA:3,(anonymous_9)
FNDA:2,(anonymous_10)
DA:2,1
DA:3,1
DA:4,1
DA:5,1
DA:8,18
DA:9,18
DA:10,18
DA:11,18
DA:12,18
DA:16,19
DA:17,19
DA:18,19
DA:19,19
DA:23,1
DA:24,1
DA:26,1
DA:30,4
DA:31,4
DA:32,3
DA:33,3
DA:35,2
DA:36,1
DA:39,2
DA:41,1
DA:44,1
DA:45,1
DA:49,1
DA:54,1
DA:55,1
DA:57,1
DA:61,1
DA:65,1
DA:66,1
DA:67,1
DA:71,3
DA:72,2
DA:76,2
DA:79,1
DA:84,3
DA:85,2
DA:90,2
DA:93,1
DA:98,2
DA:99,1
DA:101,2
DA:104,1
LF:46
LH:46
BRDA:33,0,0,2
BRDA:33,0,1,1
BRDA:35,1,0,1
BRDA:35,1,1,1
BRDA:39,2,0,1
BRDA:39,2,1,1
BRDA:44,3,0,1
BRDA:44,3,1,0
BRDA:71,4,0,2
BRDA:71,4,1,1
BRDA:84,5,0,2
BRDA:84,5,1,1
BRDA:87,6,0,2
BRDA:87,6,1,1
BRDA:98,7,0,1
BRDA:98,7,1,1
BRF:16
BRH:15
end_of_record
TN:
SF:src\network\socketService.ts
FN:6,(anonymous_0)
FN:15,(anonymous_1)
FN:22,(anonymous_2)
FN:27,(anonymous_3)
FN:31,(anonymous_4)
FN:38,(anonymous_5)
FN:43,(anonymous_6)
FN:50,(anonymous_7)
FNF:8
FNH:8
FNDA:9,(anonymous_0)
FNDA:10,(anonymous_1)
FNDA:1,(anonymous_2)
FNDA:1,(anonymous_3)
FNDA:1,(anonymous_4)
FNDA:1,(anonymous_5)
FNDA:1,(anonymous_6)
FNDA:2,(anonymous_7)
DA:2,1
DA:3,1
DA:4,1
DA:7,9
DA:8,9
DA:9,9
DA:10,9
DA:11,9
DA:12,9
DA:16,10
DA:17,10
DA:18,10
DA:19,10
DA:23,1
DA:24,1
DA:28,1
DA:32,1
DA:33,1
DA:39,1
DA:44,1
DA:45,1
DA:46,1
DA:47,1
DA:51,2
DA:52,1
DA:55,1
DA:59,1
LF:27
LH:27
BRDA:51,0,0,1
BRDA:51,0,1,1
BRF:2
BRH:2
end_of_record
TN:
SF:src\utils\timerUtils.ts
FN:19,createTimeout
FN:34,cancelTimeout
FN:40,ensureTimerSystem
FN:48,processTimers
FN:52,(anonymous_4)
FNF:5
FNH:3
FNDA:5,createTimeout
FNDA:2,cancelTimeout
FNDA:5,ensureTimerSystem
FNDA:0,processTimers
FNDA:0,(anonymous_4)
DA:6,1
DA:7,1
DA:8,1
DA:9,1
DA:11,1
DA:12,1
DA:20,5
DA:22,5
DA:27,5
DA:28,5
DA:35,2
DA:38,1
DA:41,5
DA:42,4
DA:44,1
DA:45,1
DA:50,0
DA:52,0
DA:54,0
DA:56,0
DA:58,0
DA:60,0
LF:22
LH:16
BRDA:41,0,0,4
BRDA:41,0,1,1
BRDA:56,1,0,0
BRDA:56,1,1,0
BRF:4
BRH:2
end_of_record
